<?xml version="1.0" encoding="UTF-8"?>
<testng-results ignored="0" total="1" passed="1" failed="0" skipped="0">
  <reporter-output>
  </reporter-output>
  <suite started-at="2022-11-24T18:11:59 COT" name="Suite" finished-at="2022-11-24T18:12:06 COT" duration-ms="7321">
    <groups>
    </groups>
    <test started-at="2022-11-24T18:11:59 COT" name="Test" finished-at="2022-11-24T18:12:06 COT" duration-ms="7321">
      <class name="pathCheck.CheckThePath">
        <test-method is-config="true" signature="setUp()[pri:0, instance:pathCheck.CheckThePath@194bcebf]" started-at="2022-11-24T18:11:59 COT" name="setUp" finished-at="2022-11-24T18:12:06 COT" duration-ms="6423" status="PASS">
          <reporter-output>
          </reporter-output>
        </test-method> <!-- setUp -->
        <test-method signature="verifyHomepageTitle()[pri:0, instance:pathCheck.CheckThePath@194bcebf]" started-at="2022-11-24T18:12:06 COT" name="verifyHomepageTitle" finished-at="2022-11-24T18:12:06 COT" duration-ms="26" status="PASS">
          <reporter-output>
          </reporter-output>
        </test-method> <!-- verifyHomepageTitle -->
        <test-method is-config="true" signature="tearDown()[pri:0, instance:pathCheck.CheckThePath@194bcebf]" started-at="2022-11-24T18:12:06 COT" name="tearDown" finished-at="2022-11-24T18:12:06 COT" duration-ms="769" status="PASS">
          <reporter-output>
          </reporter-output>
        </test-method> <!-- tearDown -->
      </class> <!-- pathCheck.CheckThePath -->
    </test> <!-- Test -->
  </suite> <!-- Suite -->
</testng-results>
