<?xml version="1.0" encoding="UTF-8"?>
<testng-results ignored="0" total="1" passed="1" failed="0" skipped="0">
  <reporter-output>
  </reporter-output>
  <suite started-at="2022-11-24T16:52:18 COT" name="Default suite" finished-at="2022-11-24T16:52:29 COT" duration-ms="11414">
    <groups>
    </groups>
    <test started-at="2022-11-24T16:52:18 COT" name="Default test" finished-at="2022-11-24T16:52:29 COT" duration-ms="11414">
      <class name="pathCheck.CheckThePath">
        <test-method is-config="true" signature="setUp()[pri:0, instance:pathCheck.CheckThePath@53fb3dab]" started-at="2022-11-24T16:52:18 COT" name="setUp" finished-at="2022-11-24T16:52:28 COT" duration-ms="10026" status="PASS">
          <reporter-output>
          </reporter-output>
        </test-method> <!-- setUp -->
        <test-method signature="verifyHomepageTitle()[pri:0, instance:pathCheck.CheckThePath@53fb3dab]" started-at="2022-11-24T16:52:28 COT" name="verifyHomepageTitle" finished-at="2022-11-24T16:52:28 COT" duration-ms="145" status="PASS">
          <reporter-output>
          </reporter-output>
        </test-method> <!-- verifyHomepageTitle -->
        <test-method is-config="true" signature="tearDown()[pri:0, instance:pathCheck.CheckThePath@53fb3dab]" started-at="2022-11-24T16:52:28 COT" name="tearDown" finished-at="2022-11-24T16:52:29 COT" duration-ms="1022" status="PASS">
          <reporter-output>
          </reporter-output>
        </test-method> <!-- tearDown -->
      </class> <!-- pathCheck.CheckThePath -->
    </test> <!-- Default test -->
  </suite> <!-- Default suite -->
</testng-results>
